Copyright 1986-2018 Xilinx, Inc. All Rights Reserved.
-----------------------------------------------------------------------------------------------------------------------------------------------------------------------------
| Tool Version : Vivado v.2018.3 (win64) Build 2405991 Thu Dec  6 23:38:27 MST 2018
| Date         : Tue Oct 14 11:38:43 2025
| Host         : LAPTOP-7SDAUN6R running 64-bit major release  (build 9200)
| Command      : report_methodology -file motor_control_methodology_drc_routed.rpt -pb motor_control_methodology_drc_routed.pb -rpx motor_control_methodology_drc_routed.rpx
| Design       : motor_control
| Device       : xc7z020clg484-1
| Speed File   : -1
| Design State : Fully Routed
-----------------------------------------------------------------------------------------------------------------------------------------------------------------------------

Report Methodology

Table of Contents
-----------------
1. REPORT SUMMARY
2. REPORT DETAILS

1. REPORT SUMMARY
-----------------
            Netlist: netlist
          Floorplan: design_1
      Design limits: <entire design considered>
             Max violations: <unlimited>
             Violations found: 3
+-----------+----------+-------------------------------+------------+
| Rule      | Severity | Description                   | Violations |
+-----------+----------+-------------------------------+------------+
| TIMING-18 | Warning  | Missing input or output delay | 3          |
+-----------+----------+-------------------------------+------------+

2. REPORT DETAILS
-----------------
TIMING-18#1 Warning
Missing input or output delay  
An output delay is missing on MOTOR[0] relative to clock(s) sysclk
Related violations: <none>

TIMING-18#2 Warning
Missing input or output delay  
An output delay is missing on MOTOR[1] relative to clock(s) sysclk
Related violations: <none>

TIMING-18#3 Warning
Missing input or output delay  
An output delay is missing on MOTOR[2] relative to clock(s) sysclk
Related violations: <none>


